<?xml version="1.0" encoding="UTF-8"?>
<!-- Generated by org.testng.reporters.JUnitReportReporter -->
<testsuite skipped="0" hostname="WKWIN6540417" name="com.example.fbstandings.service.FBServiceTest" tests="3" failures="0" timestamp="2019-10-12T16:00:30 IST" time="0.729" errors="0">
  <testcase name="testgetTeamId" time="0.695" classname="com.example.fbstandings.service.FBServiceTest"/>
  <testcase name="testGetLeagueId" time="0.007" classname="com.example.fbstandings.service.FBServiceTest"/>
  <testcase name="testGetCountryId" time="0.027" classname="com.example.fbstandings.service.FBServiceTest"/>
</testsuite> <!-- com.example.fbstandings.service.FBServiceTest -->
